<?xml version="1.0" encoding="UTF-8"?>
<!-- Generated by org.testng.reporters.JUnitXMLReporter -->
<testsuite hostname="DESKTOP-EHEFT3D" ignored="0" name="Default test" tests="1" failures="1" timestamp="03 Jul 2020 18:09:14 GMT" time="5.032" errors="0">
  <testcase name="oauthAutomation" time="5.005" classname="codes.OAuthTest">
    <failure type="com.fasterxml.jackson.databind.exc.UnrecognizedPropertyException" message="Unrecognized field &amp;quot;linkedIn&amp;quot; (class pojo.Getcourse), not marked as ignorable (6 known properties: &amp;quot;expertise&amp;quot;, &amp;quot;courses&amp;quot;, &amp;quot;instructor&amp;quot;, &amp;quot;services&amp;quot;, &amp;quot;url&amp;quot;, &amp;quot;linkedin&amp;quot;])
 at [Source: (String)&amp;quot;
{ &amp;quot;instructor&amp;quot;: &amp;quot;RahulShetty&amp;quot;, &amp;quot;url&amp;quot;: &amp;quot;rahulshettycademy.com&amp;quot;, &amp;quot;services&amp;quot;: &amp;quot;projectSupport&amp;quot;, &amp;quot;expertise&amp;quot;: &amp;quot;Automation&amp;quot;, &amp;quot;courses&amp;quot;: { &amp;quot;webAutomation&amp;quot;: [ { &amp;quot;courseTitle&amp;quot;: &amp;quot;Selenium Webdriver Java&amp;quot;, &amp;quot;price&amp;quot;: &amp;quot;50&amp;quot; }, { &amp;quot;courseTitle&amp;quot;: &amp;quot;Cypress&amp;quot;,
                &amp;quot;price&amp;quot;: &amp;quot;40&amp;quot;
            },
            {
                &amp;quot;courseTitle&amp;quot;: &amp;quot;Protractor&amp;quot;,
                &amp;quot;price&amp;quot;: &amp;quot;40&amp;quot;
            }
        ],
        &amp;quot;api&amp;quot;: [
            {
                &amp;quot;courseTitle&amp;quot;: &amp;quot;Rest Assured Automation using Java&amp;quot;,&amp;quot;[truncated 411 chars]; line: 27, column: 18] (through reference chain: pojo.Getcourse[&amp;quot;linkedIn&amp;quot;])">
      <![CDATA[com.fasterxml.jackson.databind.exc.UnrecognizedPropertyException: Unrecognized field "linkedIn" (class pojo.Getcourse), not marked as ignorable (6 known properties: "expertise", "courses", "instructor", "services", "url", "linkedin"])
 at [Source: (String)"
{ "instructor": "RahulShetty", "url": "rahulshettycademy.com", "services": "projectSupport", "expertise": "Automation", "courses": { "webAutomation": [ { "courseTitle": "Selenium Webdriver Java", "price": "50" }, { "courseTitle": "Cypress",
                "price": "40"
            },
            {
                "courseTitle": "Protractor",
                "price": "40"
            }
        ],
        "api": [
            {
                "courseTitle": "Rest Assured Automation using Java","[truncated 411 chars]; line: 27, column: 18] (through reference chain: pojo.Getcourse["linkedIn"])
at com.fasterxml.jackson.databind.exc.UnrecognizedPropertyException.from(UnrecognizedPropertyException.java:61)
at com.fasterxml.jackson.databind.DeserializationContext.handleUnknownProperty(DeserializationContext.java:855)
at com.fasterxml.jackson.databind.deser.std.StdDeserializer.handleUnknownProperty(StdDeserializer.java:1206)
at com.fasterxml.jackson.databind.deser.BeanDeserializerBase.handleUnknownProperty(BeanDeserializerBase.java:1592)
at com.fasterxml.jackson.databind.deser.BeanDeserializerBase.handleUnknownVanilla(BeanDeserializerBase.java:1570)
at com.fasterxml.jackson.databind.deser.BeanDeserializer.vanillaDeserialize(BeanDeserializer.java:299)
at com.fasterxml.jackson.databind.deser.BeanDeserializer.deserialize(BeanDeserializer.java:156)
at com.fasterxml.jackson.databind.ObjectMapper._readMapAndClose(ObjectMapper.java:4482)
at com.fasterxml.jackson.databind.ObjectMapper.readValue(ObjectMapper.java:3434)
at com.fasterxml.jackson.databind.ObjectMapper$readValue$0.call(Unknown Source)
at org.codehaus.groovy.runtime.callsite.CallSiteArray.defaultCall(CallSiteArray.java:47)
at org.codehaus.groovy.runtime.callsite.AbstractCallSite.call(AbstractCallSite.java:125)
at org.codehaus.groovy.runtime.callsite.AbstractCallSite.call(AbstractCallSite.java:148)
at io.restassured.internal.path.json.mapping.JsonPathJackson2ObjectDeserializer.deserialize(JsonPathJackson2ObjectDeserializer.groovy:46)
at io.restassured.path.json.mapping.JsonPathObjectDeserializer$deserialize.call(Unknown Source)
at org.codehaus.groovy.runtime.callsite.CallSiteArray.defaultCall(CallSiteArray.java:47)
at org.codehaus.groovy.runtime.callsite.AbstractCallSite.call(AbstractCallSite.java:125)
at org.codehaus.groovy.runtime.callsite.AbstractCallSite.call(AbstractCallSite.java:139)
at io.restassured.internal.mapping.Jackson2Mapper.deserialize(Jackson2Mapper.groovy:58)
at io.restassured.mapper.ObjectMapper$deserialize.call(Unknown Source)
at org.codehaus.groovy.runtime.callsite.CallSiteArray.defaultCall(CallSiteArray.java:47)
at org.codehaus.groovy.runtime.callsite.AbstractCallSite.call(AbstractCallSite.java:125)
at org.codehaus.groovy.runtime.callsite.AbstractCallSite.call(AbstractCallSite.java:139)
at io.restassured.internal.mapping.ObjectMapping.parseWithJackson2(ObjectMapping.groovy:238)
at io.restassured.internal.mapping.ObjectMapping$parseWithJackson2$0.callStatic(Unknown Source)
at org.codehaus.groovy.runtime.callsite.CallSiteArray.defaultCallStatic(CallSiteArray.java:55)
at org.codehaus.groovy.runtime.callsite.AbstractCallSite.callStatic(AbstractCallSite.java:217)
at org.codehaus.groovy.runtime.callsite.AbstractCallSite.callStatic(AbstractCallSite.java:240)
at io.restassured.internal.mapping.ObjectMapping.deserialize(ObjectMapping.groovy:59)
at io.restassured.internal.mapping.ObjectMapping$deserialize.call(Unknown Source)
at org.codehaus.groovy.runtime.callsite.CallSiteArray.defaultCall(CallSiteArray.java:47)
at org.codehaus.groovy.runtime.callsite.AbstractCallSite.call(AbstractCallSite.java:125)
at io.restassured.internal.RestAssuredResponseOptionsGroovyImpl.as(RestAssuredResponseOptionsGroovyImpl.groovy:226)
at io.restassured.internal.RestAssuredResponseOptionsImpl.as(RestAssuredResponseOptionsImpl.java:169)
at codes.OAuthTest.oauthAutomation(OAuthTest.java:97)
at sun.reflect.NativeMethodAccessorImpl.invoke0(Native Method)
at sun.reflect.NativeMethodAccessorImpl.invoke(Unknown Source)
at sun.reflect.DelegatingMethodAccessorImpl.invoke(Unknown Source)
at java.lang.reflect.Method.invoke(Unknown Source)
at org.testng.internal.MethodInvocationHelper.invokeMethod(MethodInvocationHelper.java:124)
at org.testng.internal.Invoker.invokeMethod(Invoker.java:583)
at org.testng.internal.Invoker.invokeTestMethod(Invoker.java:719)
at org.testng.internal.Invoker.invokeTestMethods(Invoker.java:989)
at org.testng.internal.TestMethodWorker.invokeTestMethods(TestMethodWorker.java:125)
at org.testng.internal.TestMethodWorker.run(TestMethodWorker.java:109)
at org.testng.TestRunner.privateRun(TestRunner.java:648)
at org.testng.TestRunner.run(TestRunner.java:505)
at org.testng.SuiteRunner.runTest(SuiteRunner.java:455)
at org.testng.SuiteRunner.runSequentially(SuiteRunner.java:450)
at org.testng.SuiteRunner.privateRun(SuiteRunner.java:415)
at org.testng.SuiteRunner.run(SuiteRunner.java:364)
at org.testng.SuiteRunnerWorker.runSuite(SuiteRunnerWorker.java:52)
at org.testng.SuiteRunnerWorker.run(SuiteRunnerWorker.java:84)
at org.testng.TestNG.runSuitesSequentially(TestNG.java:1208)
at org.testng.TestNG.runSuitesLocally(TestNG.java:1137)
at org.testng.TestNG.runSuites(TestNG.java:1049)
at org.testng.TestNG.run(TestNG.java:1017)
at org.testng.remote.AbstractRemoteTestNG.run(AbstractRemoteTestNG.java:115)
at org.testng.remote.RemoteTestNG.initAndRun(RemoteTestNG.java:251)
at org.testng.remote.RemoteTestNG.main(RemoteTestNG.java:77)
]]>
    </failure>
  </testcase> <!-- oauthAutomation -->
</testsuite> <!-- Default test -->
